This is pdfTeX, Version 3.14159265-2.6-1.40.19 (MiKTeX 2.9.6930 64-bit) (preloaded format=pdflatex 2019.3.20)  20 MAR 2019 12:26
entering extended mode
**./tese.tex
(tese.tex
LaTeX2e <2018-12-01>
(ita.cls
Document Class: ita 2006/03/10 v2.0 bla

("C:\Users\Eduardo D\AppData\Local\Programs\MiKTeX 2.9\tex/generic/oberdiek\ifp
df.sty"
Package: ifpdf 2018/09/07 v3.3 Provides the ifpdf switch
) (defaults.def) (tg.def)
("C:\Users\Eduardo D\AppData\Local\Programs\MiKTeX 2.9\tex/latex/base\book.cls"
Document Class: book 2018/09/03 v1.4i Standard LaTeX document class
("C:\Users\Eduardo D\AppData\Local\Programs\MiKTeX 2.9\tex/latex/base\bk12.clo"
File: bk12.clo 2018/09/03 v1.4i Standard LaTeX file (size option)
)
\c@part=\count80
\c@chapter=\count81
\c@section=\count82
\c@subsection=\count83
\c@subsubsection=\count84
\c@paragraph=\count85
\c@subparagraph=\count86
\c@figure=\count87
\c@table=\count88
\abovecaptionskip=\skip41
\belowcaptionskip=\skip42
\bibindent=\dimen102
)
("C:\Users\Eduardo D\AppData\Local\Programs\MiKTeX 2.9\tex/latex/tools\calc.sty
"
Package: calc 2017/05/25 v4.3 Infix arithmetic (KKT,FJ)
\calc@Acount=\count89
\calc@Bcount=\count90
\calc@Adimen=\dimen103
\calc@Bdimen=\dimen104
\calc@Askip=\skip43
\calc@Bskip=\skip44
LaTeX Info: Redefining \setlength on input line 80.
LaTeX Info: Redefining \addtolength on input line 81.
\calc@Ccount=\count91
\calc@Cskip=\skip45
)
("C:\Users\Eduardo D\AppData\Local\Programs\MiKTeX 2.9\tex/latex/base\ifthen.st
y"
Package: ifthen 2014/09/29 v1.1c Standard LaTeX ifthen package (DPC)
)
("C:\Users\Eduardo D\AppData\Local\Programs\MiKTeX 2.9\tex/generic/babel\babel.
sty"
Package: babel 2018/11/13 3.27 The Babel package

("C:\Users\Eduardo D\AppData\Local\Programs\MiKTeX 2.9\tex/generic/babel\switch
.def"
File: switch.def 2018/11/13 3.27 Babel switching mechanism
)
*************************************
* Local config file bblopts.cfg used
*

("C:\Users\Eduardo D\AppData\Local\Programs\MiKTeX 2.9\tex/latex/arabi\bblopts.
cfg"
File: bblopts.cfg 2005/09/08 v0.1 add Arabic and Farsi to "declared" options of
 babel
)
("C:\Users\Eduardo D\AppData\Local\Programs\MiKTeX 2.9\tex/latex/babel-english\
english.ldf"
Language: english 2017/06/06 v3.3r English support from the babel system

("C:\Users\Eduardo D\AppData\Local\Programs\MiKTeX 2.9\tex/generic/babel\babel.
def"
File: babel.def 2018/11/13 3.27 Babel common definitions
\babel@savecnt=\count92
\U@D=\dimen105

("C:\Users\Eduardo D\AppData\Local\Programs\MiKTeX 2.9\tex/generic/babel\txtbab
el.def")
\bbl@dirlevel=\count93
)
\l@canadian = a dialect from \language\l@american 
\l@australian = a dialect from \language\l@british 
\l@newzealand = a dialect from \language\l@british 
)) (itaeng.babel)
("C:\Users\Eduardo D\AppData\Local\Programs\MiKTeX 2.9\tex/latex/base\inputenc.
sty"
Package: inputenc 2018/08/11 v1.3c Input encoding file
\inpenc@prehook=\toks14
\inpenc@posthook=\toks15

("C:\Users\Eduardo D\AppData\Local\Programs\MiKTeX 2.9\tex/latex/base\latin1.de
f"
File: latin1.def 2018/08/11 v1.3c Input encoding file
))
("C:\Users\Eduardo D\AppData\Local\Programs\MiKTeX 2.9\tex/latex/setspace\setsp
ace.sty"
Package: setspace 2011/12/19 v6.7a set line spacing
)
("C:\Users\Eduardo D\AppData\Local\Programs\MiKTeX 2.9\tex/latex/fancyhdr\fancy
hdr.sty"
Package: fancyhdr 2019/01/31 v3.10 Extensive control of page headers and footer
s
\f@nch@headwidth=\skip46
\f@nch@O@elh=\skip47
\f@nch@O@erh=\skip48
\f@nch@O@olh=\skip49
\f@nch@O@orh=\skip50
\f@nch@O@elf=\skip51
\f@nch@O@erf=\skip52
\f@nch@O@olf=\skip53
\f@nch@O@orf=\skip54
)
("C:\Users\Eduardo D\AppData\Local\Programs\MiKTeX 2.9\tex/latex/amsfonts\amsfo
nts.sty"
Package: amsfonts 2013/01/14 v3.01 Basic AMSFonts support
\@emptytoks=\toks16
\symAMSa=\mathgroup4
\symAMSb=\mathgroup5
LaTeX Font Info:    Overwriting math alphabet `\mathfrak' in version `bold'
(Font)                  U/euf/m/n --> U/euf/b/n on input line 106.
)
("C:\Users\Eduardo D\AppData\Local\Programs\MiKTeX 2.9\tex/latex/lastpage\lastp
age.sty"
Package: lastpage 2015/03/29 v1.2m Refers to last page's name (HMM; JPG)
)
("C:\Users\Eduardo D\AppData\Local\Programs\MiKTeX 2.9\tex/latex/tools\indentfi
rst.sty"
Package: indentfirst 1995/11/23 v1.03 Indent first paragraph (DPC)
)
("C:\Users\Eduardo D\AppData\Local\Programs\MiKTeX 2.9\tex/latex/caption\captio
n.sty"
Package: caption 2018/10/06 v3.3-154 Customizing captions (AR)

("C:\Users\Eduardo D\AppData\Local\Programs\MiKTeX 2.9\tex/latex/caption\captio
n3.sty"
Package: caption3 2018/09/12 v1.8c caption3 kernel (AR)
Package caption3 Info: TeX engine: e-TeX on input line 64.

("C:\Users\Eduardo D\AppData\Local\Programs\MiKTeX 2.9\tex/latex/graphics\keyva
l.sty"
Package: keyval 2014/10/28 v1.15 key=value parser (DPC)
\KV@toks@=\toks17
)
\captionmargin=\dimen106
\captionmargin@=\dimen107
\captionwidth=\dimen108
\caption@tempdima=\dimen109
\caption@indent=\dimen110
\caption@parindent=\dimen111
\caption@hangindent=\dimen112
)
\c@caption@flags=\count94
\c@ContinuedFloat=\count95
)
("C:\Users\Eduardo D\AppData\Local\Programs\MiKTeX 2.9\tex/latex/tools\longtabl
e.sty"
Package: longtable 2014/10/28 v4.11 Multi-page Table package (DPC)
\LTleft=\skip55
\LTright=\skip56
\LTpre=\skip57
\LTpost=\skip58
\LTchunksize=\count96
\LTcapwidth=\dimen113
\LT@head=\box27
\LT@firsthead=\box28
\LT@foot=\box29
\LT@lastfoot=\box30
\LT@cols=\count97
\LT@rows=\count98
\c@LT@tables=\count99
\c@LT@chunks=\count100
\LT@p@ftn=\toks18
)
("C:\Users\Eduardo D\AppData\Local\Programs\MiKTeX 2.9\tex/latex/tools\array.st
y"
Package: array 2018/11/13 v2.4j Tabular extension package (FMi)
\col@sep=\dimen114
\ar@mcellbox=\box31
\extrarowheight=\dimen115
\NC@list=\toks19
\extratabsurround=\skip59
\backup@length=\skip60
\ar@cellbox=\box32
)
("C:\Users\Eduardo D\AppData\Local\Programs\MiKTeX 2.9\tex/latex/tools\tabularx
.sty"
Package: tabularx 2016/02/03 v2.11b `tabularx' package (DPC)
\TX@col@width=\dimen116
\TX@old@table=\dimen117
\TX@old@col=\dimen118
\TX@target=\dimen119
\TX@delta=\dimen120
\TX@cols=\count101
\TX@ftn=\toks20
) (makeglo.sty
Package: makeglo 
\glossentrylen=\skip61
)
("C:\Users\Eduardo D\AppData\Local\Programs\MiKTeX 2.9\tex/latex/graphics\color
.sty"
Package: color 2016/07/10 v1.1e Standard LaTeX Color (DPC)

("C:\Users\Eduardo D\AppData\Local\Programs\MiKTeX 2.9\tex/latex/graphics-cfg\c
olor.cfg"
File: color.cfg 2016/01/02 v1.6 sample color configuration
)
Package color Info: Driver file: pdftex.def on input line 147.

("C:\Users\Eduardo D\AppData\Local\Programs\MiKTeX 2.9\tex/latex/graphics-def\p
dftex.def"
File: pdftex.def 2018/01/08 v1.0l Graphics/color driver for pdftex
))
("C:\Users\Eduardo D\AppData\Local\Programs\MiKTeX 2.9\tex/latex/hyphenat\hyphe
nat.sty"
Package: hyphenat 2009/09/02 v2.3c hyphenation utilities
\langwohyphens=\language76
LaTeX Info: Redefining \_ on input line 43.
)
("C:\Users\Eduardo D\AppData\Local\Programs\MiKTeX 2.9\tex/latex/base\makeidx.s
ty"
Package: makeidx 2014/09/29 v1.0m Standard LaTeX package
)
("C:\Users\Eduardo D\AppData\Local\Programs\MiKTeX 2.9\tex/latex/hyperref\hyper
ref.sty"
Package: hyperref 2018/11/30 v6.88e Hypertext links for LaTeX

("C:\Users\Eduardo D\AppData\Local\Programs\MiKTeX 2.9\tex/generic/oberdiek\hob
sub-hyperref.sty"
Package: hobsub-hyperref 2016/05/16 v1.14 Bundle oberdiek, subset hyperref (HO)


("C:\Users\Eduardo D\AppData\Local\Programs\MiKTeX 2.9\tex/generic/oberdiek\hob
sub-generic.sty"
Package: hobsub-generic 2016/05/16 v1.14 Bundle oberdiek, subset generic (HO)
Package: hobsub 2016/05/16 v1.14 Construct package bundles (HO)
Package: infwarerr 2016/05/16 v1.4 Providing info/warning/error messages (HO)
Package: ltxcmds 2016/05/16 v1.23 LaTeX kernel commands for general use (HO)
Package: ifluatex 2016/05/16 v1.4 Provides the ifluatex switch (HO)
Package ifluatex Info: LuaTeX not detected.
Package: ifvtex 2016/05/16 v1.6 Detect VTeX and its facilities (HO)
Package ifvtex Info: VTeX not detected.
Package: intcalc 2016/05/16 v1.2 Expandable calculations with integers (HO)
Package hobsub Info: Skipping package `ifpdf' (already loaded).
Package: etexcmds 2016/05/16 v1.6 Avoid name clashes with e-TeX commands (HO)
Package: kvsetkeys 2016/05/16 v1.17 Key value parser (HO)
Package: kvdefinekeys 2016/05/16 v1.4 Define keys (HO)
Package: pdftexcmds 2018/09/10 v0.29 Utility functions of pdfTeX for LuaTeX (HO
)
Package pdftexcmds Info: LuaTeX not detected.
Package pdftexcmds Info: \pdf@primitive is available.
Package pdftexcmds Info: \pdf@ifprimitive is available.
Package pdftexcmds Info: \pdfdraftmode found.
Package: pdfescape 2016/05/16 v1.14 Implements pdfTeX's escape features (HO)
Package: bigintcalc 2016/05/16 v1.4 Expandable calculations on big integers (HO
)
Package: bitset 2016/05/16 v1.2 Handle bit-vector datatype (HO)
Package: uniquecounter 2016/05/16 v1.3 Provide unlimited unique counter (HO)
)
Package hobsub Info: Skipping package `hobsub' (already loaded).
Package: letltxmacro 2016/05/16 v1.5 Let assignment for LaTeX macros (HO)
Package: hopatch 2016/05/16 v1.3 Wrapper for package hooks (HO)
Package: xcolor-patch 2016/05/16 xcolor patch
Package: atveryend 2016/05/16 v1.9 Hooks at the very end of document (HO)
Package atveryend Info: \enddocument detected (standard20110627).
Package: atbegshi 2016/06/09 v1.18 At begin shipout hook (HO)
Package: refcount 2016/05/16 v3.5 Data extraction from label references (HO)
Package: hycolor 2016/05/16 v1.8 Color options for hyperref/bookmark (HO)
)
("C:\Users\Eduardo D\AppData\Local\Programs\MiKTeX 2.9\tex/generic/ifxetex\ifxe
tex.sty"
Package: ifxetex 2010/09/12 v0.6 Provides ifxetex conditional
)
("C:\Users\Eduardo D\AppData\Local\Programs\MiKTeX 2.9\tex/latex/oberdiek\auxho
ok.sty"
Package: auxhook 2016/05/16 v1.4 Hooks for auxiliary files (HO)
)
("C:\Users\Eduardo D\AppData\Local\Programs\MiKTeX 2.9\tex/latex/oberdiek\kvopt
ions.sty"
Package: kvoptions 2016/05/16 v3.12 Key value format for package options (HO)
)
\@linkdim=\dimen121
\Hy@linkcounter=\count102
\Hy@pagecounter=\count103

("C:\Users\Eduardo D\AppData\Local\Programs\MiKTeX 2.9\tex/latex/hyperref\pd1en
c.def"
File: pd1enc.def 2018/11/30 v6.88e Hyperref: PDFDocEncoding definition (HO)
Now handling font encoding PD1 ...
... no UTF-8 mapping file for font encoding PD1
)
\Hy@SavedSpaceFactor=\count104

("C:\Users\Eduardo D\AppData\Local\Programs\MiKTeX 2.9\tex/latex/00miktex\hyper
ref.cfg"
File: hyperref.cfg 2002/06/06 v1.2 hyperref configuration of TeXLive
)
Package hyperref Info: Option `debug' set `true' on input line 4393.


Package hyperref Warning: Option `a4paper' is no longer used.

Package hyperref Info: Option `breaklinks' set `true' on input line 4393.
Package hyperref Info: Option `bookmarksopen' set `true' on input line 4393.
Package hyperref Info: Option `colorlinks' set `true' on input line 4393.
Package hyperref Info: Option `bookmarksnumbered' set `true' on input line 4393
.
Package hyperref Info: Option `hyperindex' set `true' on input line 4393.
Package hyperref Info: Option `verbose' set `true' on input line 4393.
Package hyperref Info: Hyper figures OFF on input line 4519.
Package hyperref Info: Link nesting OFF on input line 4524.
Package hyperref Info: Hyper index ON on input line 4527.
Package hyperref Info: Plain pages OFF on input line 4534.
Package hyperref Info: Backreferencing ON on input line 4537.
Package hyperref Info: Implicit mode ON; LaTeX internals redefined.
Package hyperref Info: Bookmarks ON on input line 4772.

("C:\Users\Eduardo D\AppData\Local\Programs\MiKTeX 2.9\tex/latex/hyperref\backr
ef.sty"
Package: backref 2016/05/21 v1.39 Bibliographical back referencing

("C:\Users\Eduardo D\AppData\Local\Programs\MiKTeX 2.9\tex/latex/oberdiek\rerun
filecheck.sty"
Package: rerunfilecheck 2016/05/16 v1.8 Rerun checks for auxiliary files (HO)
Package uniquecounter Info: New unique counter `rerunfilecheck' on input line 2
82.
))
\c@Hy@tempcnt=\count105

("C:\Users\Eduardo D\AppData\Local\Programs\MiKTeX 2.9\tex/latex/url\url.sty"
\Urlmuskip=\muskip10
Package: url 2013/09/16  ver 3.4  Verb mode for urls, etc.
)
LaTeX Info: Redefining \url on input line 5125.
\XeTeXLinkMargin=\dimen122
\Fld@menulength=\count106
\Field@Width=\dimen123
\Fld@charsize=\dimen124
Package hyperref Info: Hyper figures OFF on input line 6380.
Package hyperref Info: Link nesting OFF on input line 6385.
Package hyperref Info: Hyper index ON on input line 6388.
Package hyperref Info: backreferencing ON on input line 6393.
Package hyperref Info: Link coloring ON on input line 6398.
Package hyperref Info: Link coloring with OCG OFF on input line 6405.
Package hyperref Info: PDF/A mode OFF on input line 6410.
LaTeX Info: Redefining \ref on input line 6450.
LaTeX Info: Redefining \pageref on input line 6454.
\Hy@abspage=\count107
\c@Item=\count108
\c@Hfootnote=\count109
)
Package hyperref Info: Driver (autodetected): hpdftex.

("C:\Users\Eduardo D\AppData\Local\Programs\MiKTeX 2.9\tex/latex/hyperref\hpdft
ex.def"
File: hpdftex.def 2018/11/30 v6.88e Hyperref driver for pdfTeX
\Fld@listcount=\count110
\c@bookmark@seq@number=\count111
\Hy@SectionHShift=\skip62
)
("C:\Users\Eduardo D\AppData\Local\Programs\MiKTeX 2.9\tex/latex/ae\ae.sty"
Package: ae 2001/02/12 1.3 Almost European Computer Modern

("C:\Users\Eduardo D\AppData\Local\Programs\MiKTeX 2.9\tex/latex/base\fontenc.s
ty"
Package: fontenc 2018/08/11 v2.0j Standard LaTeX package

("C:\Users\Eduardo D\AppData\Local\Programs\MiKTeX 2.9\tex/latex/base\t1enc.def
"
File: t1enc.def 2018/08/11 v2.0j Standard LaTeX file
LaTeX Font Info:    Redeclaring font encoding T1 on input line 48.
)
LaTeX Font Info:    Try loading font information for T1+aer on input line 105.
 ("C:\Users\Eduardo D\AppData\Local\Programs\MiKTeX 2.9\tex/latex/ae\t1aer.fd"
File: t1aer.fd 1997/11/16 Font definitions for T1/aer.
)))
("C:\Users\Eduardo D\AppData\Local\Programs\MiKTeX 2.9\tex/latex/graphics\graph
icx.sty"
Package: graphicx 2017/06/01 v1.1a Enhanced LaTeX Graphics (DPC,SPQR)

("C:\Users\Eduardo D\AppData\Local\Programs\MiKTeX 2.9\tex/latex/graphics\graph
ics.sty"
Package: graphics 2017/06/25 v1.2c Standard LaTeX Graphics (DPC,SPQR)

("C:\Users\Eduardo D\AppData\Local\Programs\MiKTeX 2.9\tex/latex/graphics\trig.
sty"
Package: trig 2016/01/03 v1.10 sin cos tan (DPC)
)
("C:\Users\Eduardo D\AppData\Local\Programs\MiKTeX 2.9\tex/latex/graphics-cfg\g
raphics.cfg"
File: graphics.cfg 2016/06/04 v1.11 sample graphics configuration
)
Package graphics Info: Driver file: pdftex.def on input line 99.
)
\Gin@req@height=\dimen125
\Gin@req@width=\dimen126
)
("C:\Users\Eduardo D\AppData\Local\Programs\MiKTeX 2.9\tex/latex/geometry\geome
try.sty"
Package: geometry 2018/04/16 v5.8 Page Geometry
\Gm@cnth=\count112
\Gm@cntv=\count113
\c@Gm@tempcnt=\count114
\Gm@bindingoffset=\dimen127
\Gm@wd@mp=\dimen128
\Gm@odd@mp=\dimen129
\Gm@even@mp=\dimen130
\Gm@layoutwidth=\dimen131
\Gm@layoutheight=\dimen132
\Gm@layouthoffset=\dimen133
\Gm@layoutvoffset=\dimen134
\Gm@dimlist=\toks21

("C:\Users\Eduardo D\AppData\Local\Programs\MiKTeX 2.9\tex/latex/geometry\geome
try.cfg")) (abntcite.sty (cvs-id.def)
Package: abntcite 2003/10/13 v1.26 Chamadas de referencias no texto (NBR10520)
 (abntex-abrev.sty (cvs-id.def)
Package: abntex-abrev 2003/10/13 v1.3 Abreviacoes

(nbr10522-1988.def (cvs-id.def)
File: nbr10522-1988.def 2003/10/13 v1.2 Abreviacoes bibliograficas (NBR10522:19
88)
) (abntex-abrev-pt_BR.def (cvs-id.def)
File: abntex-abrev-pt_BR.def 2003/10/13 v1.2 definicao de abntex-abrev, traduca
o de termos en_US/pt_BR
))
(nbr10520-2002.def (cvs-id.def)
File: nbr10520-2002.def 2003/10/13 v1.2 Definicoes para abntcite (NBR10520:2002
)
)
\minimumbiblabelwidth=\skip63
\ABCIauxlen=\skip64
\c@ABCIaux=\count115
\c@ABCImax=\count116

("C:\Users\Eduardo D\AppData\Local\Programs\MiKTeX 2.9\tex/latex/relsize\relsiz
e.sty"
Package: relsize 2013/03/29 ver 4.1
)
\biblabelsep=\skip65
LaTeX Info: Redefining \newblock on input line 562.
LaTeX Info: Redefining \cite on input line 589.
\ABCItoken=\toks22
)
\c@mecounter=\count117
\c@kwcipcounter=\count118
\nohyphen=\language77
)
("C:\Users\Eduardo D\AppData\Local\Programs\MiKTeX 2.9\tex/latex/graphics\epsfi
g.sty"
Package: epsfig 2017/06/25 v1.7b (e)psfig emulation (SPQR)
\epsfxsize=\dimen135
\epsfysize=\dimen136
)
("C:\Users\Eduardo D\AppData\Local\Programs\MiKTeX 2.9\tex/latex/amsmath\amsmat
h.sty"
Package: amsmath 2018/12/01 v2.17b AMS math features
\@mathmargin=\skip66

For additional information on amsmath, use the `?' option.

("C:\Users\Eduardo D\AppData\Local\Programs\MiKTeX 2.9\tex/latex/amsmath\amstex
t.sty"
Package: amstext 2000/06/29 v2.01 AMS text

("C:\Users\Eduardo D\AppData\Local\Programs\MiKTeX 2.9\tex/latex/amsmath\amsgen
.sty"
File: amsgen.sty 1999/11/30 v2.0 generic functions
\@emptytoks=\toks23
\ex@=\dimen137
))
("C:\Users\Eduardo D\AppData\Local\Programs\MiKTeX 2.9\tex/latex/amsmath\amsbsy
.sty"
Package: amsbsy 1999/11/29 v1.2d Bold Symbols
\pmbraise@=\dimen138
)
("C:\Users\Eduardo D\AppData\Local\Programs\MiKTeX 2.9\tex/latex/amsmath\amsopn
.sty"
Package: amsopn 2016/03/08 v2.02 operator names
)
\inf@bad=\count119
LaTeX Info: Redefining \frac on input line 223.
\uproot@=\count120
\leftroot@=\count121
LaTeX Info: Redefining \overline on input line 385.
\classnum@=\count122
\DOTSCASE@=\count123
LaTeX Info: Redefining \ldots on input line 482.
LaTeX Info: Redefining \dots on input line 485.
LaTeX Info: Redefining \cdots on input line 606.
\Mathstrutbox@=\box33
\strutbox@=\box34
\big@size=\dimen139
LaTeX Font Info:    Redeclaring font encoding OML on input line 729.
LaTeX Font Info:    Redeclaring font encoding OMS on input line 730.
\macc@depth=\count124
\c@MaxMatrixCols=\count125
\dotsspace@=\muskip11
\c@parentequation=\count126
\dspbrk@lvl=\count127
\tag@help=\toks24
\row@=\count128
\column@=\count129
\maxfields@=\count130
\andhelp@=\toks25
\eqnshift@=\dimen140
\alignsep@=\dimen141
\tagshift@=\dimen142
\tagwidth@=\dimen143
\totwidth@=\dimen144
\lineht@=\dimen145
\@envbody=\toks26
\multlinegap=\skip67
\multlinetaggap=\skip68
\mathdisplay@stack=\toks27
LaTeX Info: Redefining \[ on input line 2844.
LaTeX Info: Redefining \] on input line 2845.
)
("C:\Users\Eduardo D\AppData\Local\Programs\MiKTeX 2.9\tex/latex/amsfonts\amssy
mb.sty"
Package: amssymb 2013/01/14 v3.01 AMS font symbols
)
("C:\Users\Eduardo D\AppData\Local\Programs\MiKTeX 2.9\tex/latex/subfig\subfig.
sty"
Package: subfig 2005/06/28 ver: 1.3 subfig package
\c@KVtest=\count131
\sf@farskip=\skip69
\sf@captopadj=\dimen146
\sf@capskip=\skip70
\sf@nearskip=\skip71
\c@subfigure=\count132
\c@subfigure@save=\count133
\c@lofdepth=\count134
\c@subtable=\count135
\c@subtable@save=\count136
\c@lotdepth=\count137
\sf@top=\skip72
\sf@bottom=\skip73
)
("C:\Users\Eduardo D\AppData\Local\Programs\MiKTeX 2.9\tex/latex/multirow\multi
row.sty"
Package: multirow 2019/01/01 v2.4 Span multiple rows of a table
\multirow@colwidth=\skip74
\multirow@cntb=\count138
\multirow@dima=\skip75
\bigstrutjot=\dimen147
)
("C:\Users\Eduardo D\AppData\Local\Programs\MiKTeX 2.9\tex/latex/float\float.st
y"
Package: float 2001/11/08 v1.3d Float enhancements (AL)
\c@float@type=\count139
\float@exts=\toks28
\float@box=\box35
\@float@everytoks=\toks29
\@floatcapt=\box36
)
\@glossaryfile=\write3
\openout3 = `tese.glo'.


Writing glossary file tese.glo 
(tese.aux)
\openout1 = `tese.aux'.

LaTeX Font Info:    Checking defaults for OML/cmm/m/it on input line 115.
LaTeX Font Info:    ... okay on input line 115.
LaTeX Font Info:    Checking defaults for T1/cmr/m/n on input line 115.
LaTeX Font Info:    ... okay on input line 115.
LaTeX Font Info:    Checking defaults for OT1/cmr/m/n on input line 115.
LaTeX Font Info:    ... okay on input line 115.
LaTeX Font Info:    Checking defaults for OMS/cmsy/m/n on input line 115.
LaTeX Font Info:    ... okay on input line 115.
LaTeX Font Info:    Checking defaults for OMX/cmex/m/n on input line 115.
LaTeX Font Info:    ... okay on input line 115.
LaTeX Font Info:    Checking defaults for U/cmr/m/n on input line 115.
LaTeX Font Info:    ... okay on input line 115.
LaTeX Font Info:    Checking defaults for PD1/pdf/m/n on input line 115.
LaTeX Font Info:    ... okay on input line 115.
Package lastpage Info: Please have a look at the pageslts package at
(lastpage)             https://www.ctan.org/pkg/pageslts
(lastpage)             ! on input line 115.
Package caption Info: Begin \AtBeginDocument code.
Package caption Info: subfig package v1.3 is loaded.
Package caption Info: float package is loaded.
Package caption Info: hyperref package is loaded.
Package caption Info: longtable package is loaded.

("C:\Users\Eduardo D\AppData\Local\Programs\MiKTeX 2.9\tex/latex/caption\ltcapt
ion.sty"
Package: ltcaption 2018/08/26 v1.4-95 longtable captions (AR)
)
Package caption Info: End \AtBeginDocument code.

("C:\Users\Eduardo D\AppData\Local\Programs\MiKTeX 2.9\tex/context/base/mkii\su
pp-pdf.mkii"
[Loading MPS to PDF converter (version 2006.09.02).]
\scratchcounter=\count140
\scratchdimen=\dimen148
\scratchbox=\box37
\nofMPsegments=\count141
\nofMParguments=\count142
\everyMPshowfont=\toks30
\MPscratchCnt=\count143
\MPscratchDim=\dimen149
\MPnumerator=\count144
\makeMPintoPDFobject=\count145
\everyMPtoPDFconversion=\toks31
)
("C:\Users\Eduardo D\AppData\Local\Programs\MiKTeX 2.9\tex/latex/oberdiek\epsto
pdf-base.sty"
Package: epstopdf-base 2016/05/15 v2.6 Base part for package epstopdf

("C:\Users\Eduardo D\AppData\Local\Programs\MiKTeX 2.9\tex/latex/oberdiek\grfex
t.sty"
Package: grfext 2016/05/16 v1.2 Manage graphics extensions (HO)
)
Package epstopdf-base Info: Redefining graphics rule for `.eps' on input line 4
38.
Package grfext Info: Graphics extension search list:
(grfext)             [.pdf,.png,.jpg,.mps,.jpeg,.jbig2,.jb2,.PDF,.PNG,.JPG,.JPE
G,.JBIG2,.JB2,.eps]
(grfext)             \AppendGraphicsExtensions on input line 456.
)
\AtBeginShipoutBox=\box38
Package hyperref Info: Link coloring ON on input line 115.

("C:\Users\Eduardo D\AppData\Local\Programs\MiKTeX 2.9\tex/latex/hyperref\namer
ef.sty"
Package: nameref 2016/05/21 v2.44 Cross-referencing by name of section

("C:\Users\Eduardo D\AppData\Local\Programs\MiKTeX 2.9\tex/generic/oberdiek\get
titlestring.sty"
Package: gettitlestring 2016/05/16 v1.5 Cleanup title references (HO)
)
\c@section@level=\count146
)
LaTeX Info: Redefining \ref on input line 115.
LaTeX Info: Redefining \pageref on input line 115.
LaTeX Info: Redefining \nameref on input line 115.
 (tese.out) (tese.out)
\@outlinefile=\write4
\openout4 = `tese.out'.

Package hyperref Info: Anchor `Doc-Start' on input line 115.

*geometry* detected driver: pdftex
*geometry* verbose mode - [ preamble ] result:
* driver: pdftex
* paper: a4paper
* layout: <same size as paper>
* layoutoffset:(h,v)=(0.0pt,0.0pt)
* modes: 
* h-part:(L,W,R)=(85.35826pt, 455.24411pt, 56.9055pt)
* v-part:(T,H,B)=(85.35826pt, 702.78308pt, 56.9055pt)
* \paperwidth=597.50787pt
* \paperheight=845.04684pt
* \textwidth=455.24411pt
* \textheight=702.78308pt
* \oddsidemargin=13.08827pt
* \evensidemargin=13.08827pt
* \topmargin=-17.07156pt
* \headheight=15.93347pt
* \headsep=14.22636pt
* \topskip=12.0pt
* \footskip=35.24373pt
* \marginparwidth=38.0pt
* \marginparsep=7.0pt
* \columnsep=10.0pt
* \skip\footins=10.8pt plus 4.0pt minus 2.0pt
* \hoffset=0.0pt
* \voffset=0.0pt
* \mag=1000
* \@twocolumnfalse
* \@twosidefalse
* \@mparswitchfalse
* \@reversemarginfalse
* (1in=72.27pt=25.4mm, 1cm=28.453pt)

\c@butlastpage=\count147
Package hyperref Info: Anchor `cover.0' on input line 117.
<Cap0/ita_logo.jpg, id=123, 612.3678pt x 234.8775pt>
File: Cap0/ita_logo.jpg Graphic file (type jpg)
<use Cap0/ita_logo.jpg>
Package pdftex.def Info: Cap0/ita_logo.jpg  used on input line 117.
(pdftex.def)             Requested size: 227.62206pt x 87.3047pt.
LaTeX Font Info:    Try loading font information for U+msa on input line 117.

("C:\Users\Eduardo D\AppData\Local\Programs\MiKTeX 2.9\tex/latex/amsfonts\umsa.
fd"
File: umsa.fd 2013/01/14 v3.01 AMS symbols A
)
LaTeX Font Info:    Try loading font information for U+msb on input line 117.

("C:\Users\Eduardo D\AppData\Local\Programs\MiKTeX 2.9\tex/latex/amsfonts\umsb.
fd"
File: umsb.fd 2013/01/14 v3.01 AMS symbols B
)
Overfull \hbox (5.57451pt too wide) in paragraph at lines 117--117
[] []
 []


Underfull \hbox (badness 10000) in paragraph at lines 117--117

 []

Package hyperref Info: Anchor `titulo.0' on input line 117.
Package hyperref Info: Anchor `page.i' on input line 117.
[1



{C:/Users/Eduardo D/AppData/Local/MiKTeX/2.9/pdftex/config/pdftex.map} <./Cap0/
ita_logo.jpg>]
Package hyperref Info: Anchor `page.ii' on input line 117.
 [2]
Package hyperref Info: Anchor `cip.0' on input line 117.

Underfull \hbox (badness 10000) in paragraph at lines 117--117

 []

Package hyperref Info: Anchor `page.iii' on input line 117.
[3]
Package hyperref Info: Anchor `aprovacao.0' on input line 117.
Package hyperref Info: Anchor `page.iv' on input line 117.
 [4]
Package hyperref Info: Anchor `dedication.0' on input line 120.
Package hyperref Info: Anchor `page.iv' on input line 122.
pdfTeX warning (ext4): destination with the same identifier (name{page.iv}) has
 been already used, duplicate ignored
<to be read again> 
                   \relax 
l.122 \end{itadedication}
                          [4]
Package hyperref Info: Anchor `chapter*.1' on input line 126.
Package hyperref Info: Anchor `acknowledgment.0' on input line 126.
 (Cap0/agradecimentos.tex)
Package hyperref Info: Anchor `page.v' on input line 127.
 [5

]
Package hyperref Info: Anchor `epigrafe.0' on input line 131.
LaTeX Font Info:    Try loading font information for T1+aess on input line 135.


("C:\Users\Eduardo D\AppData\Local\Programs\MiKTeX 2.9\tex/latex/ae\t1aess.fd"
File: t1aess.fd 1997/11/16 Font definitions for T1/aess.
)
LaTeX Font Info:    Font shape `T1/aess/m/it' in size <12> not available
(Font)              Font shape `T1/aess/m/sl' tried instead on input line 135.
Package hyperref Info: Anchor `page.vi' on input line 143.
[6]
Package hyperref Info: Anchor `chapter*.2' on input line 143.
Package hyperref Info: Anchor `resumo.0' on input line 143.
 (Cap0/resumo.tex)
Package hyperref Info: Anchor `page.vii' on input line 149.
 [7

]
Package hyperref Info: Anchor `chapter*.3' on input line 149.
Package hyperref Info: Anchor `abstract.0' on input line 149.
 (Cap0/abstract.tex)
Package hyperref Info: Anchor `page.viii' on input line 155.
 [8

]
Package hyperref Info: Anchor `chapter*.4' on input line 155.
Package hyperref Info: Anchor `listafiguras.0' on input line 155.
 (tese.lof
Package hyperref Info: Reference (link) `figure.caption.9' on input line 3.
Package hyperref Info: Reference (link) `figure.caption.10' on input line 4.
Package hyperref Info: Reference (link) `figure.caption.12' on input line 6.
Package hyperref Info: Reference (link) `figure.caption.14' on input line 10.
)
\tf@lof=\write5
\openout5 = `tese.lof'.

Package hyperref Info: Anchor `page.ix' on input line 158.
 [9

Package `hyperref' Info: End of reference (link) `figure.caption.9', line 3.
Package `hyperref' Info: End of reference (link) `figure.caption.10', line 4.
Package `hyperref' Info: End of reference (link) `figure.caption.12', line 6.
Package `hyperref' Info: End of reference (link) `figure.caption.14', line 10.
]
Package hyperref Info: Anchor `chapter*.5' on input line 158.
Package hyperref Info: Anchor `listatabelas.0' on input line 158.
 (tese.lot
Package hyperref Info: Reference (link) `table.caption.11' on input line 4.
)
\tf@lot=\write6
\openout6 = `tese.lot'.

Package hyperref Info: Anchor `page.x' on input line 161.

[10

Package `hyperref' Info: End of reference (link) `table.caption.11', line 4.
]
Package hyperref Info: Anchor `chapter*.6' on input line 161.
Package hyperref Info: Anchor `listaabreviaturas.0' on input line 161.
 (tese.lof)
\tf@lof=\write7
\openout7 = `tese.lof'.

 (Cap0/listaabreviaturas.tex
Package hyperref Info: Anchor `table.0.1' on input line 15.
)
Package hyperref Info: Anchor `page.xi' on input line 165.
 [11

]
Package hyperref Info: Anchor `chapter*.7' on input line 165.
Package hyperref Info: Anchor `listasimbolos.0' on input line 165.
 (tese.lof)
\tf@lof=\write8
\openout8 = `tese.lof'.


(Cap0/listasimbolos.tex
Package hyperref Info: Anchor `table.0.2' on input line 9.
)
Package hyperref Info: Anchor `page.xii' on input line 169.
 [12

]
Package hyperref Info: Anchor `chapter*.8' on input line 169.
Package hyperref Info: Anchor `contents.0' on input line 169.
 (tese.toc
Underfull \hbox (badness 10000) in paragraph at lines 2--2
 []  
 []

Package hyperref Info: Reference (link) `chapter.1' on input line 2.
Package hyperref Info: Reference (link) `section.1.1' on input line 3.
Package hyperref Info: Reference (link) `section.1.2' on input line 4.
Package hyperref Info: Reference (link) `section.1.3' on input line 5.
Package hyperref Info: Reference (link) `subsection.1.3.1' on input line 6.

Underfull \hbox (badness 10000) in paragraph at lines 9--9
 []  
 []

Package hyperref Info: Reference (link) `chapter.2' on input line 9.
Package hyperref Info: Reference (link) `section.2.1' on input line 10.

Underfull \hbox (badness 10000) in paragraph at lines 11--11
 []  
 []

Package hyperref Info: Reference (link) `chapter.3' on input line 11.
Package hyperref Info: Reference (link) `section.3.1' on input line 12.

Underfull \hbox (badness 10000) in paragraph at lines 13--13
 []  
 []

Package hyperref Info: Reference (link) `chapter.4' on input line 13.

Underfull \hbox (badness 10000) in paragraph at lines 14--14
 []  
 []

Package hyperref Info: Reference (link) `chapter.5' on input line 14.

Underfull \hbox (badness 10000) in paragraph at lines 16--16
 []  
 []

Package hyperref Info: Reference (link) `appendix.A' on input line 16.
Package hyperref Info: Reference (link) `section.A.1' on input line 17.

Underfull \hbox (badness 10000) in paragraph at lines 19--19
 []  
 []

Package hyperref Info: Reference (link) `annex.a' on input line 19.
Package hyperref Info: Reference (link) `section.a.1' on input line 20.
)
\tf@toc=\write9
\openout9 = `tese.toc'.

Package hyperref Info: Anchor `page.xiii' on input line 171.
 [13

Package `hyperref' Info: End of reference (link) `chapter.1', line 2.
Package `hyperref' Info: End of reference (link) `section.1.1', line 3.
Package `hyperref' Info: End of reference (link) `section.1.2', line 4.
Package `hyperref' Info: End of reference (link) `section.1.3', line 5.
Package `hyperref' Info: End of reference (link) `subsection.1.3.1', line 6.
Package `hyperref' Info: End of reference (link) `chapter.2', line 9.
Package `hyperref' Info: End of reference (link) `section.2.1', line 10.
Package `hyperref' Info: End of reference (link) `chapter.3', line 11.
Package `hyperref' Info: End of reference (link) `section.3.1', line 12.
Package `hyperref' Info: End of reference (link) `chapter.4', line 13.
Package `hyperref' Info: End of reference (link) `chapter.5', line 14.
Package `hyperref' Info: End of reference (link) `appendix.A', line 16.
Package `hyperref' Info: End of reference (link) `section.A.1', line 17.
Package `hyperref' Info: End of reference (link) `annex.a', line 19.
Package `hyperref' Info: End of reference (link) `section.a.1', line 20.
]
Package hyperref Info: Anchor `chapter.1' on input line 174.

Chapter 1.
pdftex: bookmark at 174: {1} {\numberline{1}Introdu\c c\~ao} {chapter.1}{0}{toc
}
(Cap1/cap1.tex
Package hyperref Info: Anchor `section.1.1' on input line 1.

pdftex: bookmark at 1: {1.1} {\numberline{1.1}Objetivo} {section.1.1}{1}{toc}
Package hyperref Info: Reference (cite) `cite.Nascimento1970' on input line 3.
Package hyperref Info: Reference (cite) `cite.Nascimento1970' on input line 3.
Package hyperref Info: Reference (cite) `cite.Patagonios2001' on input line 5.
Package hyperref Info: Reference (cite) `cite.Patagonios2001' on input line 5.
Package hyperref Info: Reference (cite) `cite.Furmento1995' on input line 6.
Package hyperref Info: Reference (cite) `cite.Furmento1995' on input line 6.
LaTeX Font Info:    Try loading font information for OMS+aer on input line 8.
("C:\Users\Eduardo D\AppData\Local\Programs\MiKTeX 2.9\tex/latex/ae\omsaer.fd"
File: omsaer.fd 1999/12/27
)
LaTeX Font Info:    Font shape `OMS/aer/m/n' in size <12> not available
(Font)              Font shape `OMS/cmsy/m/n' tried instead on input line 8.
Package hyperref Info: Anchor `section.1.2' on input line 13.
pdftex: bookmark at 13: {1.2} {\numberline{1.2}Motiva\c c\~ao} {section.1.2}{1}
{toc}
Package hyperref Info: Reference (cite) `cite.Sbornian2002' on input line 14.
Package hyperref Info: Reference (cite) `cite.Sbornian2002' on input line 14.
Package hyperref Info: Reference (cite) `cite.ITALUS2004' on input line 20.
Package hyperref Info: Reference (cite) `cite.ITALUS2004' on input line 20.
Package hyperref Info: Reference (cite) `cite.Arystides1994' on input line 23.
Package hyperref Info: Reference (cite) `cite.Arystides1994' on input line 23.
Package hyperref Info: Anchor `page.14' on input line 24.
[14


Package `hyperref' Info: End of reference (cite) `cite.Nascimento1970', line 3.

Package `hyperref' Info: End of reference (cite) `cite.Nascimento1970', line 3.

Package `hyperref' Info: End of reference (cite) `cite.Patagonios2001', line 5.

Package `hyperref' Info: End of reference (cite) `cite.Patagonios2001', line 5.

Package `hyperref' Info: End of reference (cite) `cite.Furmento1995', line 6.
Package `hyperref' Info: End of reference (cite) `cite.Furmento1995', line 6.
Package `hyperref' Info: End of reference (cite) `cite.Sbornian2002', line 14.
Package `hyperref' Info: End of reference (cite) `cite.Sbornian2002', line 14.
Package `hyperref' Info: End of reference (cite) `cite.ITALUS2004', line 20.
Package `hyperref' Info: End of reference (cite) `cite.ITALUS2004', line 20.
]
Package hyperref Info: Anchor `figure.caption.9' on input line 25.
<Cap1/cupim.pdf, id=253, 233.87375pt x 221.82875pt>
File: Cap1/cupim.pdf Graphic file (type pdf)
<use Cap1/cupim.pdf>
Package pdftex.def Info: Cap1/cupim.pdf  used on input line 27.
(pdftex.def)             Requested size: 227.62206pt x 215.9115pt.

pdftex: bookmark at 28: {1.1} {\numberline{1.1}{\ignorespaces Proibido estacion
ar cupins. Legenda grande, com o objetivo de demonstrar a indenta\c c\~ao na li
sta de figuras.\relax }} {figure.caption.9}{0}{lof}
Package hyperref Info: Reference (link) `figure.caption.9' on input line 34.
Package hyperref Info: Reference (cite) `cite.COFFEE2000' on input line 36.
Package hyperref Info: Reference (cite) `cite.COFFEE2000' on input line 36.
Package hyperref Info: Anchor `page.15' on input line 40.
[15
Package `hyperref' Info: End of reference (cite) `cite.Arystides1994', line 23.

Package `hyperref' Info: End of reference (cite) `cite.Arystides1994', line 23.

Package `hyperref' Info: End of reference (link) `figure.caption.9', line 34.
Package `hyperref' Info: End of reference (cite) `cite.COFFEE2000', line 36.
Package `hyperref' Info: End of reference (cite) `cite.COFFEE2000', line 36.
 <./Cap1/cupim.pdf>]
Package hyperref Info: Anchor `figure.caption.10' on input line 45.
<Cap1/cupimconcreto.pdf, id=266, 401.5pt x 289.08pt>
File: Cap1/cupimconcreto.pdf Graphic file (type pdf)
<use Cap1/cupimconcreto.pdf>
Package pdftex.def Info: Cap1/cupimconcreto.pdf  used on input line 47.
(pdftex.def)             Requested size: 455.24411pt x 327.79903pt.

pdftex: bookmark at 48: {1.2} {\numberline{1.2}{\ignorespaces Exemplo real de c
upim frente ao seu dilema.\relax }} {figure.caption.10}{0}{lof}
Package hyperref Info: Anchor `section.1.3' on input line 52.
pdftex: bookmark at 52: {1.3} {\numberline{1.3}Organiza\c c\~ao do trabalho} {s
ection.1.3}{1}{toc}
Package hyperref Info: Anchor `subsection.1.3.1' on input line 53.
pdftex: bookmark at 53: {1.3.1} {\numberline{1.3.1}Sub-organiza\c c\~ao} {subse
ction.1.3.1}{2}{toc}
Package hyperref Info: Anchor `page.16' on input line 55.
[16 <./Cap1/cupimconcreto.pdf>]
Package hyperref Info: Anchor `subsubsection.1.3.1.1' on input line 56.

pdftex: bookmark at 56: {1.3.1.1} {\numberline{1.3.1.1}SubSub-organiza\c c\~ao}
 {subsubsection.1.3.1.1}{3}{toc}
Package hyperref Info: Anchor `subsubsection.1.3.1.2' on input line 60.
pdftex: bookmark at 60: {1.3.1.2} {\numberline{1.3.1.2}Outra subsub-organizacao
} {subsubsection.1.3.1.2}{3}{toc}
Package hyperref Info: Reference (cite) `cite.Furmento1995' on input line 73.
Package hyperref Info: Reference (cite) `cite.Furmento1995' on input line 73.
Package hyperref Info: Reference (cite) `cite.Morgado2003' on input line 73.
Package hyperref Info: Reference (cite) `cite.Morgado2003' on input line 73.
)
Package hyperref Info: Anchor `page.17' on input line 177.
 [17]
Package hyperref Info: Anchor `page.18' on input line 177.
 [18
Package `hyperref' Info: End of reference (cite) `cite.Furmento1995', line 73.
Package `hyperref' Info: End of reference (cite) `cite.Furmento1995', line 73.
Package `hyperref' Info: End of reference (cite) `cite.Morgado2003', line 73.
Package `hyperref' Info: End of reference (cite) `cite.Morgado2003', line 73.
]
Package hyperref Info: Anchor `chapter.2' on input line 177.

Chapter 2.
pdftex: bookmark at 177: {2} {\numberline{2}Modelagem Din\^amica de Cupins Cibe
rn\'eticos} {chapter.2}{0}{toc}
(Cap2/cap2.tex
Package hyperref Info: Anchor `section.2.1' on input line 1.

pdftex: bookmark at 1: {2.1} {\numberline{2.1}Modelagem no espa\c co das juntas
} {section.2.1}{1}{toc}
Package hyperref Info: Reference (cite) `cite.Sbornian2004' on input line 2.
Package hyperref Info: Reference (cite) `cite.Sbornian2004' on input line 2.
Package hyperref Info: Reference (cite) `cite.Joea2003' on input line 3.
Package hyperref Info: Reference (cite) `cite.Joea2003' on input line 3.
Package hyperref Info: Reference (link) `table.caption.11' on input line 3.
Package hyperref Info: Reference (cite) `cite.Assenmacher1993' on input line 3.

Package hyperref Info: Reference (cite) `cite.Assenmacher1993' on input line 3.

Package hyperref Info: Reference (cite) `cite.Silberschatz1991' on input line 3
.
Package hyperref Info: Reference (cite) `cite.Silberschatz1991' on input line 3
.
Package hyperref Info: Reference (cite) `cite.Caromel1998' on input line 3.
Package hyperref Info: Reference (cite) `cite.Caromel1998' on input line 3.
Package hyperref Info: Anchor `table.caption.11' on input line 6.
pdftex: bookmark at 6: {2.1} {\numberline{2.1}{\ignorespaces Exemplo de uma Tab
ela\relax }} {table.caption.11}{0}{lot}
Package hyperref Info: Reference (cite) `cite.Callaghan1995' on input line 22.
Package hyperref Info: Reference (cite) `cite.Callaghan1995' on input line 22.
Package hyperref Info: Anchor `figure.caption.12' on input line 24.
<Cap2/spiderrobot.jpg, id=303, 614.295pt x 462.22687pt>
File: Cap2/spiderrobot.jpg Graphic file (type jpg)
<use Cap2/spiderrobot.jpg>
Package pdftex.def Info: Cap2/spiderrobot.jpg  used on input line 26.
(pdftex.def)             Requested size: 341.43307pt x 256.91275pt.
pdftex: bookmark at 27: {2.1} {\numberline{2.1}{\ignorespaces Cupim cibern\'eti
co.\relax }} {figure.caption.12}{0}{lof}
Package hyperref Info: Anchor `equation.2.1.1' on input line 32.
Package hyperref Info: Anchor `page.19' on input line 34.
[19

Package `hyperref' Info: End of reference (cite) `cite.Sbornian2004', line 2.
Package `hyperref' Info: End of reference (cite) `cite.Sbornian2004', line 2.
Package `hyperref' Info: End of reference (cite) `cite.Joea2003', line 3.
Package `hyperref' Info: End of reference (cite) `cite.Joea2003', line 3.
Package `hyperref' Info: End of reference (link) `table.caption.11', line 3.
Package `hyperref' Info: End of reference (cite) `cite.Assenmacher1993', line 3
.
Package `hyperref' Info: End of reference (cite) `cite.Assenmacher1993', line 3
.
Package `hyperref' Info: End of reference (cite) `cite.Silberschatz1991', line 
3.
Package `hyperref' Info: End of reference (cite) `cite.Silberschatz1991', line 
3.
Package `hyperref' Info: End of reference (cite) `cite.Caromel1998', line 3.
Package `hyperref' Info: End of reference (cite) `cite.Caromel1998', line 3.
Package `hyperref' Info: End of reference (cite) `cite.Callaghan1995', line 22.

Package `hyperref' Info: End of reference (cite) `cite.Callaghan1995', line 22.

]
Package hyperref Info: Anchor `equation.2.1.2' on input line 36.
Package hyperref Info: Anchor `equation.2.1.3' on input line 41.
)
Package hyperref Info: Anchor `page.20' on input line 180.
 [20 <./Cap2/spiderrobot.jpg>]
Package hyperref Info: Anchor `chapter.3' on input line 180.

Chapter 3.
pdftex: bookmark at 180: {3} {\numberline{3}Controle Robusto de Concretos Ca\'o
ticos} {chapter.3}{0}{toc}
(Cap3/cap3.tex
Package hyperref Info: Anchor `section.3.1' on input line 1.

pdftex: bookmark at 1: {3.1} {\numberline{3.1}Controle combinado} {section.3.1}
{1}{toc}
Package hyperref Info: Reference (link) `equation.3.1.1' on input line 2.
Package hyperref Info: Anchor `equation.3.1.1' on input line 3.
Package hyperref Info: Anchor `equation.3.1.2' on input line 10.
Package hyperref Info: Reference (link) `equation.3.1.2' on input line 14.
Package hyperref Info: Anchor `equation.3.1.3' on input line 15.
)
Package hyperref Info: Anchor `page.21' on input line 183.
 [21

Package `hyperref' Info: End of reference (link) `equation.3.1.1', line 2.
Package `hyperref' Info: End of reference (link) `equation.3.1.2', line 14.
]
Package hyperref Info: Anchor `chapter.4' on input line 183.

Chapter 4.
pdftex: bookmark at 183: {4} {\numberline{4}Conclus\~ao} {chapter.4}{0}{toc}
(Cap4/cap4.tex) (tese.bbl (tese.brf)
\tf@brf=\write10
\openout10 = `tese.brf'.

Package hyperref Info: Anchor `page.22' on input line 3.
 [22

]
Package hyperref Info: Anchor `chapter*.13' on input line 3.
Package hyperref Info: Anchor `chapter.5' on input line 3.

pdftex: bookmark at 3: {5} {Bibliography} {chapter.5}{0}{toc}
Package hyperref Info: Anchor `cite.Arystides1994' on input line 13.
Package hyperref Info: Anchor `cite.Assenmacher1993' on input line 21.
Package hyperref Info: Anchor `cite.Callaghan1995' on input line 27.
Package hyperref Info: Anchor `cite.Caromel1998' on input line 37.
Package hyperref Info: Anchor `cite.COFFEE2000' on input line 43.
Package hyperref Info: Anchor `cite.Furmento1995' on input line 51.
Package hyperref Info: Anchor `cite.ITALUS2004' on input line 58.
Package hyperref Info: Anchor `cite.Joea2003' on input line 64.
Package hyperref Info: Anchor `cite.Morgado2003' on input line 71.
Package hyperref Info: Anchor `cite.Nascimento1970' on input line 78.
Package hyperref Info: Anchor `cite.Patagonios2001' on input line 86.
Package hyperref Info: Anchor `page.23' on input line 97.
[23

Package `hyperref' Info: End of reference (link) `equation.3.1.2', line 14.
Package `hyperref' Info: End of reference (link) `equation.3.1.2', line 14.
Package `hyperref' Info: End of reference (link) `equation.3.1.2', line 14.
]
Package hyperref Info: Anchor `cite.Sbornian2002' on input line 97.
Package hyperref Info: Anchor `cite.Sbornian2004' on input line 105.
Package hyperref Info: Anchor `cite.Silberschatz1991' on input line 110.
)
Package hyperref Info: Anchor `page.24' on input line 191.
 [24
Package `hyperref' Info: End of reference (link) `equation.3.1.2', line 14.
]
Package hyperref Info: Anchor `appendix.A' on input line 192.

Appendix A.
pdftex: bookmark at 192: {A} {\numberline{A}T\'opicos de Dilema Linear} {append
ix.A}{0}{toc}
(ApeA/apendiceA.tex
Package hyperref Info: Anchor `section.A.1' on input line 1.

pdftex: bookmark at 1: {A.1} {\numberline{A.1}Uma Primeira Se\c c\~ao para o Ap
\^endice} {section.A.1}{1}{toc}
Package hyperref Info: Anchor `equation.A.1.1' on input line 6.
Package hyperref Info: Anchor `figure.caption.14' on input line 14.
<ApeA/pragas_ciclo_cupim.pdf, id=351, 401.5pt x 403.5075pt>
File: ApeA/pragas_ciclo_cupim.pdf Graphic file (type pdf)
<use ApeA/pragas_ciclo_cupim.pdf>
Package pdftex.def Info: ApeA/pragas_ciclo_cupim.pdf  used on input line 16.
(pdftex.def)             Requested size: 142.26698pt x 142.26411pt.
pdftex: bookmark at 17: {A.1} {\numberline{A.1}{\ignorespaces Uma figura que es
t\'a no ap\^endice\relax }} {figure.caption.14}{0}{lof}
)
Package hyperref Info: Anchor `page.25' on input line 196.
 [25


 <./ApeA/pragas_ciclo_cupim.pdf>]
Package hyperref Info: Anchor `annex.a' on input line 197.

Annex A.
pdftex: bookmark at 197: {A} {\numberline{A}Exemplo de um Primeiro Anexo} {anne
x.a}{0}{toc}
(AneA/anexoA.tex
Package hyperref Info: Anchor `section.a.1' on input line 2.

pdftex: bookmark at 2: {A.1} {\numberline{A.1}Uma Se\c c\~ao do Primeiro Anexo}
 {section.a.1}{1}{toc}
)
Package hyperref Info: Anchor `page.26' on input line 221.
 [26


]
\bottommargin=\skip76
\rightmarginn=\skip77
Package hyperref Info: Anchor `bla.0' on input line 221.
 (Cap0/resumo.tex) (Cap0/resumo.tex) (Cap0/resumo.tex)
Overfull \hbox (74.53033pt too wide) in paragraph at lines 221--221
[][] 
 []


AED: lastpage setting LastPage
Package hyperref Info: Anchor `page.27' on input line 223.
[27

]
Package atveryend Info: Empty hook `BeforeClearDocument' on input line 223.
Package atveryend Info: Empty hook `AfterLastShipout' on input line 223.
 (tese.aux)
Package atveryend Info: Executing hook `AtVeryEndDocument' on input line 223.
Package atveryend Info: Executing hook `AtEndAfterFileList' on input line 223.
Package rerunfilecheck Info: File `tese.out' has not changed.
(rerunfilecheck)             Checksum: 1AE2F2A95A9EBFC7E8AF947682C5446D;1853.
Package rerunfilecheck Info: File `tese.brf' has not changed.
(rerunfilecheck)             Checksum: D41D8CD98F00B204E9800998ECF8427E;0.


LaTeX Warning: Label(s) may have changed. Rerun to get cross-references right.

Package atveryend Info: Empty hook `AtVeryVeryEnd' on input line 223.
 ) 
Here is how much of TeX's memory you used:
 10409 strings out of 492946
 157507 string characters out of 3124488
 270206 words of memory out of 3000000
 13843 multiletter control sequences out of 15000+200000
 68113 words of font info for 129 fonts, out of 3000000 for 9000
 1141 hyphenation exceptions out of 8191
 43i,12n,45p,1084b,518s stack positions out of 5000i,500n,10000p,200000b,50000s
<C:/Users/Eduardo D/AppData/Local/Programs/MiKTeX 2.9/fonts/type1/public/amsf
onts/cm/cmbx10.pfb><C:/Users/Eduardo D/AppData/Local/Programs/MiKTeX 2.9/fonts/
type1/public/amsfonts/cm/cmbx12.pfb><C:/Users/Eduardo D/AppData/Local/Programs/
MiKTeX 2.9/fonts/type1/public/amsfonts/cm/cmcsc10.pfb><C:/Users/Eduardo D/AppDa
ta/Local/Programs/MiKTeX 2.9/fonts/type1/public/amsfonts/cm/cmex10.pfb><C:/User
s/Eduardo D/AppData/Local/Programs/MiKTeX 2.9/fonts/type1/public/amsfonts/cm/cm
mi10.pfb><C:/Users/Eduardo D/AppData/Local/Programs/MiKTeX 2.9/fonts/type1/publ
ic/amsfonts/cm/cmmi12.pfb><C:/Users/Eduardo D/AppData/Local/Programs/MiKTeX 2.9
/fonts/type1/public/amsfonts/cm/cmmi6.pfb><C:/Users/Eduardo D/AppData/Local/Pro
grams/MiKTeX 2.9/fonts/type1/public/amsfonts/cm/cmmi7.pfb><C:/Users/Eduardo D/A
ppData/Local/Programs/MiKTeX 2.9/fonts/type1/public/amsfonts/cm/cmmi8.pfb><C:/U
sers/Eduardo D/AppData/Local/Programs/MiKTeX 2.9/fonts/type1/public/amsfonts/cm
/cmr10.pfb><C:/Users/Eduardo D/AppData/Local/Programs/MiKTeX 2.9/fonts/type1/pu
blic/amsfonts/cm/cmr12.pfb><C:/Users/Eduardo D/AppData/Local/Programs/MiKTeX 2.
9/fonts/type1/public/amsfonts/cm/cmr17.pfb><C:/Users/Eduardo D/AppData/Local/Pr
ograms/MiKTeX 2.9/fonts/type1/public/amsfonts/cm/cmr6.pfb><C:/Users/Eduardo D/A
ppData/Local/Programs/MiKTeX 2.9/fonts/type1/public/amsfonts/cm/cmr7.pfb><C:/Us
ers/Eduardo D/AppData/Local/Programs/MiKTeX 2.9/fonts/type1/public/amsfonts/cm/
cmr8.pfb><C:/Users/Eduardo D/AppData/Local/Programs/MiKTeX 2.9/fonts/type1/publ
ic/amsfonts/cm/cmssi12.pfb><C:/Users/Eduardo D/AppData/Local/Programs/MiKTeX 2.
9/fonts/type1/public/amsfonts/cm/cmsy10.pfb><C:/Users/Eduardo D/AppData/Local/P
rograms/MiKTeX 2.9/fonts/type1/public/amsfonts/cm/cmsy8.pfb><C:/Users/Eduardo D
/AppData/Local/Programs/MiKTeX 2.9/fonts/type1/public/amsfonts/cm/cmti10.pfb><C
:/Users/Eduardo D/AppData/Local/Programs/MiKTeX 2.9/fonts/type1/public/amsfonts
/cm/cmti12.pfb>
Output written on tese.pdf (28 pages, 838345 bytes).
PDF statistics:
 458 PDF objects out of 1000 (max. 8388607)
 97 named destinations out of 1000 (max. 500000)
 266 words of extra memory for PDF output out of 10000 (max. 10000000)

